No module named sasfit_chain_parabolic_magneti
Could not find model; use one of:
    adsorbed_layer 
    barbell        
    bcc_paracrystal
    be_polyelectrolyte
    binary_hard_sphere
    broad_peak     
    capped_cylinder
    core_shell_bicelle
    core_shell_cylinder
    core_shell_ellipsoid
    core_shell_ellipsoid_xt
    core_shell_parallelepiped
    core_shell_sphere
    correlation_length
    cylinder       
    dab            
    ellipsoid      
    elliptical_cylinder
    fcc_paracrystal
    flexible_cylinder
    flexible_cylinder_elliptical
    fractal        
    fractal_core_shell
    fuzzy_sphere   
    gauss_lorentz_gel
    gaussian_peak  
    gel_fit        
    guinier        
    guinier_porod  
    hardsphere     
    hayter_msa     
    hollow_cylinder
    hollow_rectangular_prism
    hollow_rectangular_prism_thin_walls
    lamellar       
    lamellar_hg    
    lamellar_hg_stack_caille
    lamellar_stack_caille
    lamellar_stack_paracrystal
    line           
    linear_pearls  
    lorentz        
    mass_fractal   
    mass_surface_fractal
    mono_gauss_coil
    multilayer_vesicle
    parallelepiped 
    peak_lorentz   
    pearl_necklace 
    poly_gauss_coil
    polymer_excl_volume
    polymer_micelle
    porod          
    power_law      
    pringle        
    raspberry      
    rectangular_prism
    rpa            
    sasfit_akima8  
    sasfit_beaucage_exppowlaw
    sasfit_beaucage_exppowlaw_2
    sasfit_boucher_profiles
    sasfit_boucher_profiles2
    sasfit_boucher_sphere
    sasfit_boucher_sphere2
    sasfit_broad_peak
    sasfit_c_r__for_spin_misalignment
    sasfit_chain_parabolic_cross_term
    sasfit_chain_parabolic_cross_term_radial
    sasfit_chain_parabolic_magnetic
    sasfit_chain_parabolic_profile
    sasfit_chain_parabolic_psi
    sasfit_chain_parabolic_psi_POLARIS
    sasfit_chain_parabolic_psi_mm
    sasfit_chain_parabolic_psi_mp
    sasfit_chain_parabolic_psi_pm
    sasfit_chain_parabolic_psi_pp
    sasfit_chain_parabolic_radial
    sasfit_chain_rw_cross_term
    sasfit_chain_rw_cross_term_radial
    sasfit_chain_rw_magnetic
    sasfit_chain_rw_psi
    sasfit_chain_rw_psi_POLARIS
    sasfit_chain_rw_psi_mm
    sasfit_chain_rw_psi_mp
    sasfit_chain_rw_psi_pm
    sasfit_chain_rw_psi_pp
    sasfit_chain_rw_radial
    sasfit_chain_saw_cross_term
    sasfit_chain_saw_cross_term_radial
    sasfit_chain_saw_magnetic
    sasfit_chain_saw_psi
    sasfit_chain_saw_psi_POLARIS
    sasfit_chain_saw_psi_mm
    sasfit_chain_saw_psi_mp
    sasfit_chain_saw_psi_pm
    sasfit_chain_saw_psi_pp
    sasfit_chain_saw_radial
    sasfit_coreshellmicrogel
    sasfit_cspline8
    sasfit_cylinder_opo
    sasfit_cylsh_sd_bilayergauss
    sasfit_cylsh_sd_homoxs
    sasfit_cylulv_chain_rw_
    sasfit_cylulv_chain_rw__nagg
    sasfit_cylulv_chain_rw__tc
    sasfit_debye_anderson_brumberger
    sasfit_disc_chain_rw_
    sasfit_disc_chain_rw__lc
    sasfit_disc_chain_rw__nagg
    sasfit_disc_sd_bilayergauss
    sasfit_disc_sd_homoxs
    sasfit_ellcylsh_sd_rod
    sasfit_ellcylsh_sd_worm_kholodenko
    sasfit_ellcylsh_sd_worm_ps1
    sasfit_ellcylsh_sd_worm_ps2
    sasfit_ellcylsh_sd_worm_ps3
    sasfit_ellipsoid_opo
    sasfit_ellsh_sd_bilayergauss
    sasfit_ellsh_sd_homoxs
    sasfit_ellulv_chain_rw_
    sasfit_ellulv_chain_rw__nagg
    sasfit_ellulv_chain_rw__tc
    sasfit_expshell
    sasfit_extended_guinier_law
    sasfit_fractal_series1
    sasfit_fractal_series2
    sasfit_fractal_series3
    sasfit_fuzzysphere
    sasfit_generalized_guinier_porod_law
    sasfit_i_q__for_spin_misalignment
    sasfit_juelichcoreshell
    sasfit_kratkysphere
    sasfit_langevin
    sasfit_langevin_down
    sasfit_langevin_down_down
    sasfit_langevin_down_up
    sasfit_langevin_static
    sasfit_langevin_static_down
    sasfit_langevin_static_down_down
    sasfit_langevin_static_down_up
    sasfit_langevin_static_up
    sasfit_langevin_static_up_down
    sasfit_langevin_static_up_up
    sasfit_langevin_tau
    sasfit_langevin_up
    sasfit_langevin_up_down
    sasfit_langevin_up_up
    sasfit_linshell
    sasfit_linshell2
    sasfit_magneticfieldalignedvesicleP2Psi
    sasfit_magneticfieldalignedvesiclePsi
    sasfit_magneticfieldalignedvesiclePsi_new
    sasfit_magneticfieldalignedvesicle_p2psi
    sasfit_magneticfieldalignedvesicle_psi
    sasfit_magneticfieldalignedvesicle_psi_new
    sasfit_ornstein_zernike
    sasfit_parallelepiped_abc
    sasfit_parallelepiped_opo
    sasfit_pcs_bilayergaus
    sasfit_pcs_ellcylsh
    sasfit_pcs_homogeneouscyl
    sasfit_pcs_homogeneousplate
    sasfit_pcs_layeredcentrosymmetricxs
    sasfit_pcs_plate_chains_rw_
    sasfit_pcs_twoinfinitelythinlayers
    sasfit_pearl_necklace
    sasfit_radial_profile_of_coreshellmicrogel
    sasfit_radial_profile_of_expshell
    sasfit_radial_profile_of_fuzzysphere
    sasfit_radial_profile_of_linshell
    sasfit_radial_profile_of_linshell2
    sasfit_rod     
    sasfit_rodlike_micelle_plusprism
    sasfit_sphere_with_3_shells
    sasfit_sphulv_chain_rw_
    sasfit_sphulv_chain_rw__nagg
    sasfit_sphulv_chain_rw__tc
    sasfit_spinodal
    sasfit_teubner_strey
    sasfit_tisane  
    sasfit_tisane_static
    sasfit_tisane_tau
    sasfit_triax_ellip_shell
    sasfit_triax_ellip_shell_sq_baba_ahmed_1
    sasfit_triax_ellip_shell_sq_baba_ahmed_2
    sasfit_triax_ellip_shell_syl
    sc_paracrystal 
    sphere         
    spinodal       
    squarewell     
    stacked_disks  
    star_polymer   
    stickyhardsphere
    surface_fractal
    teubner_strey  
    triaxial_ellipsoid
    two_lorentzian 
    two_power_law  
    vesicle        
